0 info it worked if it ends with ok
1 verbose cli [ 'U:\\Apps\\NJS\\App\\NodeJS\\node.exe',
1 verbose cli   'U:\\Apps\\NJS\\Data\\node_modules\\npm\\bin\\npm-cli.js',
1 verbose cli   'run',
1 verbose cli   'lite' ]
2 info using npm@3.5.3
3 info using node@v5.3.0
4 verbose run-script [ 'prelite', 'lite', 'postlite' ]
5 info lifecycle ericsson-v0.1@1.0.0~prelite: ericsson-v0.1@1.0.0
6 silly lifecycle ericsson-v0.1@1.0.0~prelite: no script for prelite, continuing
7 info lifecycle ericsson-v0.1@1.0.0~lite: ericsson-v0.1@1.0.0
8 verbose lifecycle ericsson-v0.1@1.0.0~lite: unsafe-perm in lifecycle true
9 verbose lifecycle ericsson-v0.1@1.0.0~lite: PATH: U:\Apps\NJS\Data\node_modules\npm\bin\node-gyp-bin;U:\www\fir.ericsson-dashboard\node_modules\.bin;U:\Apps\NJS\Data\node_modules\npm\bin\node-gyp-bin;U:\www\fir.ericsson-dashboard\node_modules\.bin;U:\Apps\NJS\App\NodeJS;U:\Apps\NJS\Data;C:\ProgramData\Oracle\Java\javapath;C:\Windows\system32;C:\Windows;C:\Windows\System32\Wbem;C:\Windows\System32\WindowsPowerShell\v1.0\;C:\Program Files (x86)\ATI Technologies\ATI.ACE\Core-Static;C:\Program Files (x86)\Microsoft SQL Server\80\Tools\Binn\;C:\Program Files (x86)\MySQL\MySQL Fabric 1.5.2 & MySQL Utilities 1.5.2 1.5\;C:\Program Files (x86)\MySQL\MySQL Fabric 1.5.2 & MySQL Utilities 1.5.2 1.5\Doctrine extensions for PHP\,C:\Python27\;C:\Python27\Scripts\;C:\Users\ri3\AppData\Local\Google\Chrome\Application;C:\ProgramData\Oracle\Java\javapath;C:\Windows\system32;C:\Windows;C:\Windows\System32\Wbem;C:\Windows\System32\WindowsPowerShell\v1.0\;C:\Program Files\ATI Technologies\ATI.ACE\Core-Static;C:\Program Files\Microsoft SQL Server\80\Tools\Binn\;C:\PROGRA~1\COMMON~1\Odbc\FILEMA~1
10 verbose lifecycle ericsson-v0.1@1.0.0~lite: CWD: U:\www\fir.ericsson-dashboard
11 silly lifecycle ericsson-v0.1@1.0.0~lite: Args: [ '/d /s /c', 'lite-server -c configs/liteserver.js' ]
12 silly lifecycle ericsson-v0.1@1.0.0~lite: Returned: code: 1  signal: null
13 info lifecycle ericsson-v0.1@1.0.0~lite: Failed to exec lite script
14 verbose stack Error: ericsson-v0.1@1.0.0 lite: `lite-server -c configs/liteserver.js`
14 verbose stack Exit status 1
14 verbose stack     at EventEmitter.<anonymous> (U:\Apps\NJS\Data\node_modules\npm\lib\utils\lifecycle.js:232:16)
14 verbose stack     at emitTwo (events.js:87:13)
14 verbose stack     at EventEmitter.emit (events.js:172:7)
14 verbose stack     at ChildProcess.<anonymous> (U:\Apps\NJS\Data\node_modules\npm\lib\utils\spawn.js:24:14)
14 verbose stack     at emitTwo (events.js:87:13)
14 verbose stack     at ChildProcess.emit (events.js:172:7)
14 verbose stack     at maybeClose (internal/child_process.js:818:16)
14 verbose stack     at Process.ChildProcess._handle.onexit (internal/child_process.js:211:5)
15 verbose pkgid ericsson-v0.1@1.0.0
16 verbose cwd U:\www\fir.ericsson-dashboard
17 error Windows_NT 6.1.7601
18 error argv "U:\\Apps\\NJS\\App\\NodeJS\\node.exe" "U:\\Apps\\NJS\\Data\\node_modules\\npm\\bin\\npm-cli.js" "run" "lite"
19 error node v5.3.0
20 error npm  v3.5.3
21 error code ELIFECYCLE
22 error ericsson-v0.1@1.0.0 lite: `lite-server -c configs/liteserver.js`
22 error Exit status 1
23 error Failed at the ericsson-v0.1@1.0.0 lite script 'lite-server -c configs/liteserver.js'.
23 error Make sure you have the latest version of node.js and npm installed.
23 error If you do, this is most likely a problem with the ericsson-v0.1 package,
23 error not with npm itself.
23 error Tell the author that this fails on your system:
23 error     lite-server -c configs/liteserver.js
23 error You can get information on how to open an issue for this project with:
23 error     npm bugs ericsson-v0.1
23 error Or if that isn't available, you can get their info via:
23 error     npm owner ls ericsson-v0.1
23 error There is likely additional logging output above.
24 verbose exit [ 1, true ]
